<?xml version="1.0" encoding="UTF-8"?>
<testng-results ignored="0" total="5" passed="5" failed="0" skipped="0">
  <reporter-output>
  </reporter-output>
  <suite started-at="2017-12-20T01:07:01Z" name="Default suite" finished-at="2017-12-20T01:07:01Z" duration-ms="132">
    <groups>
    </groups>
    <test started-at="2017-12-20T01:07:01Z" name="Default test" finished-at="2017-12-20T01:07:01Z" duration-ms="132">
      <class name="ebates.sumOfTwoNumbers.CalculatorTest">
        <test-method signature="sumofTwoNumberTest(java.lang.Integer, java.lang.Integer, java.lang.Integer)[pri:0, instance:ebates.sumOfTwoNumbers.CalculatorTest@131ef10]" started-at="2017-12-19T17:07:01Z" name="sumofTwoNumberTest" data-provider="testData" finished-at="2017-12-19T17:07:01Z" duration-ms="65" status="PASS">
          <params>
            <param index="0">
              <value>
                <![CDATA[1]]>
              </value>
            </param>
            <param index="1">
              <value>
                <![CDATA[1]]>
              </value>
            </param>
            <param index="2">
              <value>
                <![CDATA[2]]>
              </value>
            </param>
          </params>
          <reporter-output>
          </reporter-output>
        </test-method> <!-- sumofTwoNumberTest -->
        <test-method signature="sumofTwoNumberTest(java.lang.Integer, java.lang.Integer, java.lang.Integer)[pri:0, instance:ebates.sumOfTwoNumbers.CalculatorTest@131ef10]" started-at="2017-12-19T17:07:01Z" name="sumofTwoNumberTest" data-provider="testData" finished-at="2017-12-19T17:07:01Z" duration-ms="2" status="PASS">
          <params>
            <param index="0">
              <value>
                <![CDATA[2]]>
              </value>
            </param>
            <param index="1">
              <value>
                <![CDATA[6]]>
              </value>
            </param>
            <param index="2">
              <value>
                <![CDATA[8]]>
              </value>
            </param>
          </params>
          <reporter-output>
          </reporter-output>
        </test-method> <!-- sumofTwoNumberTest -->
        <test-method signature="sumofTwoNumberTest(java.lang.Integer, java.lang.Integer, java.lang.Integer)[pri:0, instance:ebates.sumOfTwoNumbers.CalculatorTest@131ef10]" started-at="2017-12-19T17:07:01Z" name="sumofTwoNumberTest" data-provider="testData" finished-at="2017-12-19T17:07:01Z" duration-ms="2" status="PASS">
          <params>
            <param index="0">
              <value>
                <![CDATA[20]]>
              </value>
            </param>
            <param index="1">
              <value>
                <![CDATA[42]]>
              </value>
            </param>
            <param index="2">
              <value>
                <![CDATA[62]]>
              </value>
            </param>
          </params>
          <reporter-output>
          </reporter-output>
        </test-method> <!-- sumofTwoNumberTest -->
        <test-method signature="sumofTwoNumberTest(java.lang.Integer, java.lang.Integer, java.lang.Integer)[pri:0, instance:ebates.sumOfTwoNumbers.CalculatorTest@131ef10]" started-at="2017-12-19T17:07:01Z" name="sumofTwoNumberTest" data-provider="testData" finished-at="2017-12-19T17:07:01Z" duration-ms="8" status="PASS">
          <params>
            <param index="0">
              <value>
                <![CDATA[12]]>
              </value>
            </param>
            <param index="1">
              <value>
                <![CDATA[14]]>
              </value>
            </param>
            <param index="2">
              <value>
                <![CDATA[26]]>
              </value>
            </param>
          </params>
          <reporter-output>
          </reporter-output>
        </test-method> <!-- sumofTwoNumberTest -->
        <test-method signature="sumofTwoNumberTest(java.lang.Integer, java.lang.Integer, java.lang.Integer)[pri:0, instance:ebates.sumOfTwoNumbers.CalculatorTest@131ef10]" started-at="2017-12-19T17:07:01Z" name="sumofTwoNumberTest" data-provider="testData" finished-at="2017-12-19T17:07:01Z" duration-ms="2" status="PASS">
          <params>
            <param index="0">
              <value>
                <![CDATA[0]]>
              </value>
            </param>
            <param index="1">
              <value>
                <![CDATA[0]]>
              </value>
            </param>
            <param index="2">
              <value>
                <![CDATA[0]]>
              </value>
            </param>
          </params>
          <reporter-output>
          </reporter-output>
        </test-method> <!-- sumofTwoNumberTest -->
      </class> <!-- ebates.sumOfTwoNumbers.CalculatorTest -->
    </test> <!-- Default test -->
  </suite> <!-- Default suite -->
</testng-results>
