<?xml version="1.0" encoding="UTF-8"?>
<!-- Generated by org.testng.reporters.JUnitXMLReporter -->
<testsuite ignored="0" hostname="santoshs-MacBook-Pro.local" failures="0" tests="5" name="Default test" time="0.132" errors="0" timestamp="20 Dec 2017 01:07:01 GMT">
  <testcase classname="ebates.sumOfTwoNumbers.CalculatorTest" name="sumofTwoNumberTest" time="0.065"/>
  <testcase classname="ebates.sumOfTwoNumbers.CalculatorTest" name="sumofTwoNumberTest" time="0.002"/>
  <testcase classname="ebates.sumOfTwoNumbers.CalculatorTest" name="sumofTwoNumberTest" time="0.002"/>
  <testcase classname="ebates.sumOfTwoNumbers.CalculatorTest" name="sumofTwoNumberTest" time="0.008"/>
  <testcase classname="ebates.sumOfTwoNumbers.CalculatorTest" name="sumofTwoNumberTest" time="0.002"/>
</testsuite> <!-- Default test -->
